[debug] [2024-11-19T02:02:15.233Z] ----------------------------------------------------------------------
[debug] [2024-11-19T02:02:15.234Z] Command:       /home/kevin/.nvm/versions/node/v22.11.0/bin/node /home/kevin/.nvm/versions/node/v22.11.0/bin/firebase init
[debug] [2024-11-19T02:02:15.234Z] CLI Version:   13.25.0
[debug] [2024-11-19T02:02:15.234Z] Platform:      linux
[debug] [2024-11-19T02:02:15.234Z] Node Version:  v22.11.0
[debug] [2024-11-19T02:02:15.235Z] Time:          Mon Nov 18 2024 21:02:15 GMT-0500 (hora de Ecuador)
[debug] [2024-11-19T02:02:15.235Z] ----------------------------------------------------------------------
[debug] 
[debug] [2024-11-19T02:02:15.238Z] > command requires scopes: ["email","openid","https://www.googleapis.com/auth/cloudplatformprojects.readonly","https://www.googleapis.com/auth/firebase","https://www.googleapis.com/auth/cloud-platform"]
[debug] [2024-11-19T02:02:15.238Z] > authorizing via signed-in user (kevin010803abq@gmail.com)
[info] 
     ######## #### ########  ######## ########     ###     ######  ########
     ##        ##  ##     ## ##       ##     ##  ##   ##  ##       ##
     ######    ##  ########  ######   ########  #########  ######  ######
     ##        ##  ##    ##  ##       ##     ## ##     ##       ## ##
     ##       #### ##     ## ######## ########  ##     ##  ######  ########

You're about to initialize a Firebase project in this directory:

  /home/kevin/Documentos/SAMMY-Chatbot-asistente

[info] 
=== Project Setup
[info] 
[info] First, let's associate this project directory with a Firebase project.
[info] You can create multiple project aliases by running firebase use --add, 
[info] but for now we'll just set up a default project.
[info] 
[debug] [2024-11-19T02:02:26.904Z] Checked if tokens are valid: true, expires at: 1731984799055
[debug] [2024-11-19T02:02:26.905Z] Checked if tokens are valid: true, expires at: 1731984799055
[debug] [2024-11-19T02:02:26.906Z] >>> [apiv2][query] GET https://firebase.googleapis.com/v1beta1/projects pageSize=100
[debug] [2024-11-19T02:02:27.462Z] <<< [apiv2][status] GET https://firebase.googleapis.com/v1beta1/projects 200
[debug] [2024-11-19T02:02:27.462Z] <<< [apiv2][body] GET https://firebase.googleapis.com/v1beta1/projects [omitted]
[info] i  Using project sammy-ae034 (SAMMY) 
[info] 
=== Firestore Setup
[debug] [2024-11-19T02:02:28.840Z] Checked if tokens are valid: true, expires at: 1731984799055
[debug] [2024-11-19T02:02:28.840Z] Checked if tokens are valid: true, expires at: 1731984799055
[debug] [2024-11-19T02:02:28.840Z] >>> [apiv2][query] GET https://serviceusage.googleapis.com/v1/projects/sammy-ae034/services/firestore.googleapis.com [none]
[debug] [2024-11-19T02:02:28.840Z] >>> [apiv2][(partial)header] GET https://serviceusage.googleapis.com/v1/projects/sammy-ae034/services/firestore.googleapis.com x-goog-quota-user=projects/sammy-ae034
[debug] [2024-11-19T02:02:29.639Z] <<< [apiv2][status] GET https://serviceusage.googleapis.com/v1/projects/sammy-ae034/services/firestore.googleapis.com 200
[debug] [2024-11-19T02:02:29.640Z] <<< [apiv2][body] GET https://serviceusage.googleapis.com/v1/projects/sammy-ae034/services/firestore.googleapis.com [omitted]
[debug] [2024-11-19T02:02:29.640Z] Checked if tokens are valid: true, expires at: 1731984799055
[debug] [2024-11-19T02:02:29.640Z] Checked if tokens are valid: true, expires at: 1731984799055
[debug] [2024-11-19T02:02:29.640Z] >>> [apiv2][query] GET https://firestore.googleapis.com/v1/projects/sammy-ae034/databases/(default) [none]
[debug] [2024-11-19T02:02:30.423Z] <<< [apiv2][status] GET https://firestore.googleapis.com/v1/projects/sammy-ae034/databases/(default) 200
[debug] [2024-11-19T02:02:30.423Z] <<< [apiv2][body] GET https://firestore.googleapis.com/v1/projects/sammy-ae034/databases/(default) {"name":"projects/sammy-ae034/databases/(default)","uid":"ddff3b3d-c819-4297-bae3-7dce8fecc2eb","createTime":"2024-11-19T01:58:24.009237Z","updateTime":"2024-11-19T01:58:24.009237Z","locationId":"nam5","type":"FIRESTORE_NATIVE","concurrencyMode":"PESSIMISTIC","versionRetentionPeriod":"3600s","earliestVersionTime":"2024-11-19T01:58:24.009237Z","appEngineIntegrationMode":"DISABLED","keyPrefix":"s","pointInTimeRecoveryEnablement":"POINT_IN_TIME_RECOVERY_DISABLED","deleteProtectionState":"DELETE_PROTECTION_DISABLED","etag":"IN/r8Oem54kDMJWot/Kl54kD"}
[debug] [2024-11-19T02:02:30.424Z] database_type: FIRESTORE_NATIVE
[debug] [2024-11-19T02:02:30.424Z] database_type: FIRESTORE_NATIVE
[debug] [2024-11-19T02:02:30.424Z] > command requires scopes: ["email","openid","https://www.googleapis.com/auth/cloudplatformprojects.readonly","https://www.googleapis.com/auth/firebase","https://www.googleapis.com/auth/cloud-platform"]
[debug] [2024-11-19T02:02:30.424Z] > authorizing via signed-in user (kevin010803abq@gmail.com)
[debug] [2024-11-19T02:02:30.424Z] [iam] checking project sammy-ae034 for permissions ["firebase.projects.get"]
[debug] [2024-11-19T02:02:30.425Z] Checked if tokens are valid: true, expires at: 1731984799055
[debug] [2024-11-19T02:02:30.425Z] Checked if tokens are valid: true, expires at: 1731984799055
[debug] [2024-11-19T02:02:30.425Z] >>> [apiv2][query] POST https://cloudresourcemanager.googleapis.com/v1/projects/sammy-ae034:testIamPermissions [none]
[debug] [2024-11-19T02:02:30.425Z] >>> [apiv2][(partial)header] POST https://cloudresourcemanager.googleapis.com/v1/projects/sammy-ae034:testIamPermissions x-goog-quota-user=projects/sammy-ae034
[debug] [2024-11-19T02:02:30.425Z] >>> [apiv2][body] POST https://cloudresourcemanager.googleapis.com/v1/projects/sammy-ae034:testIamPermissions {"permissions":["firebase.projects.get"]}
[debug] [2024-11-19T02:02:31.141Z] <<< [apiv2][status] POST https://cloudresourcemanager.googleapis.com/v1/projects/sammy-ae034:testIamPermissions 200
[debug] [2024-11-19T02:02:31.142Z] <<< [apiv2][body] POST https://cloudresourcemanager.googleapis.com/v1/projects/sammy-ae034:testIamPermissions {"permissions":["firebase.projects.get"]}
[info] 
[info] Firestore Security Rules allow you to define how and when to allow
[info] requests. You can keep these rules in your project directory
[info] and publish them with firebase deploy.
[info] 
[debug] [2024-11-19T02:02:36.096Z] Checked if tokens are valid: true, expires at: 1731984799055
[debug] [2024-11-19T02:02:36.096Z] Checked if tokens are valid: true, expires at: 1731984799055
[debug] [2024-11-19T02:02:36.097Z] >>> [apiv2][query] GET https://firebaserules.googleapis.com/v1/projects/sammy-ae034/releases pageSize=10&pageToken=
[debug] [2024-11-19T02:02:36.567Z] <<< [apiv2][status] GET https://firebaserules.googleapis.com/v1/projects/sammy-ae034/releases 200
[debug] [2024-11-19T02:02:36.567Z] <<< [apiv2][body] GET https://firebaserules.googleapis.com/v1/projects/sammy-ae034/releases {"releases":[{"name":"projects/sammy-ae034/releases/cloud.firestore","rulesetName":"projects/sammy-ae034/rulesets/fb7ded69-847f-4b08-acf9-e0f0770f40fd","createTime":"2024-11-19T01:58:26.585610Z","updateTime":"2024-11-19T01:58:26.585610Z"}]}
[debug] [2024-11-19T02:02:36.568Z] Found ruleset: projects/sammy-ae034/rulesets/fb7ded69-847f-4b08-acf9-e0f0770f40fd
[debug] [2024-11-19T02:02:36.568Z] Checked if tokens are valid: true, expires at: 1731984799055
[debug] [2024-11-19T02:02:36.568Z] Checked if tokens are valid: true, expires at: 1731984799055
[debug] [2024-11-19T02:02:36.568Z] >>> [apiv2][query] GET https://firebaserules.googleapis.com/v1/projects/sammy-ae034/rulesets/fb7ded69-847f-4b08-acf9-e0f0770f40fd [none]
[debug] [2024-11-19T02:02:36.788Z] <<< [apiv2][status] GET https://firebaserules.googleapis.com/v1/projects/sammy-ae034/rulesets/fb7ded69-847f-4b08-acf9-e0f0770f40fd 200
[debug] [2024-11-19T02:02:36.789Z] <<< [apiv2][body] GET https://firebaserules.googleapis.com/v1/projects/sammy-ae034/rulesets/fb7ded69-847f-4b08-acf9-e0f0770f40fd [omitted]
[info] 
[info] Firestore indexes allow you to perform complex queries while
[info] maintaining performance that scales with the size of the result
[info] set. You can keep index definitions in your project directory
[info] and publish them with firebase deploy.
[info] 
[debug] [2024-11-19T02:02:42.120Z] Checked if tokens are valid: true, expires at: 1731984799055
[debug] [2024-11-19T02:02:42.120Z] Checked if tokens are valid: true, expires at: 1731984799055
[debug] [2024-11-19T02:02:42.121Z] Checked if tokens are valid: true, expires at: 1731984799055
[debug] [2024-11-19T02:02:42.121Z] Checked if tokens are valid: true, expires at: 1731984799055
[debug] [2024-11-19T02:02:42.121Z] >>> [apiv2][query] GET https://firestore.googleapis.com/v1/projects/sammy-ae034/databases/(default)/collectionGroups/-/indexes [none]
[debug] [2024-11-19T02:02:42.123Z] >>> [apiv2][query] GET https://firestore.googleapis.com/v1/projects/sammy-ae034/databases/(default)/collectionGroups/-/fields?filter=indexConfig.usesAncestorConfig=false OR ttlConfig:* [none]
[debug] [2024-11-19T02:02:42.917Z] <<< [apiv2][status] GET https://firestore.googleapis.com/v1/projects/sammy-ae034/databases/(default)/collectionGroups/-/indexes 200
[debug] [2024-11-19T02:02:42.917Z] <<< [apiv2][body] GET https://firestore.googleapis.com/v1/projects/sammy-ae034/databases/(default)/collectionGroups/-/indexes {}
[debug] [2024-11-19T02:02:43.223Z] <<< [apiv2][status] GET https://firestore.googleapis.com/v1/projects/sammy-ae034/databases/(default)/collectionGroups/-/fields?filter=indexConfig.usesAncestorConfig=false OR ttlConfig:* 200
[debug] [2024-11-19T02:02:43.223Z] <<< [apiv2][body] GET https://firestore.googleapis.com/v1/projects/sammy-ae034/databases/(default)/collectionGroups/-/fields?filter=indexConfig.usesAncestorConfig=false OR ttlConfig:* {"fields":[{"name":"projects/sammy-ae034/databases/(default)/collectionGroups/__default__/fields/*","indexConfig":{"indexes":[{"queryScope":"COLLECTION","fields":[{"fieldPath":"*","order":"ASCENDING"}],"state":"READY"},{"queryScope":"COLLECTION","fields":[{"fieldPath":"*","order":"DESCENDING"}],"state":"READY"},{"queryScope":"COLLECTION","fields":[{"fieldPath":"*","arrayConfig":"CONTAINS"}],"state":"READY"}]}}]}
[info] 
=== Functions Setup
[debug] [2024-11-19T02:02:43.225Z] > command requires scopes: ["email","openid","https://www.googleapis.com/auth/cloudplatformprojects.readonly","https://www.googleapis.com/auth/firebase","https://www.googleapis.com/auth/cloud-platform"]
[debug] [2024-11-19T02:02:43.225Z] > authorizing via signed-in user (kevin010803abq@gmail.com)
[debug] [2024-11-19T02:02:43.225Z] [iam] checking project sammy-ae034 for permissions ["firebase.projects.get"]
[debug] [2024-11-19T02:02:43.226Z] Checked if tokens are valid: true, expires at: 1731984799055
[debug] [2024-11-19T02:02:43.226Z] Checked if tokens are valid: true, expires at: 1731984799055
[debug] [2024-11-19T02:02:43.226Z] >>> [apiv2][query] POST https://cloudresourcemanager.googleapis.com/v1/projects/sammy-ae034:testIamPermissions [none]
[debug] [2024-11-19T02:02:43.226Z] >>> [apiv2][(partial)header] POST https://cloudresourcemanager.googleapis.com/v1/projects/sammy-ae034:testIamPermissions x-goog-quota-user=projects/sammy-ae034
[debug] [2024-11-19T02:02:43.226Z] >>> [apiv2][body] POST https://cloudresourcemanager.googleapis.com/v1/projects/sammy-ae034:testIamPermissions {"permissions":["firebase.projects.get"]}
[debug] [2024-11-19T02:02:43.840Z] <<< [apiv2][status] POST https://cloudresourcemanager.googleapis.com/v1/projects/sammy-ae034:testIamPermissions 200
[debug] [2024-11-19T02:02:43.840Z] <<< [apiv2][body] POST https://cloudresourcemanager.googleapis.com/v1/projects/sammy-ae034:testIamPermissions {"permissions":["firebase.projects.get"]}
[debug] [2024-11-19T02:02:43.841Z] Checked if tokens are valid: true, expires at: 1731984799055
[debug] [2024-11-19T02:02:43.841Z] Checked if tokens are valid: true, expires at: 1731984799055
[debug] [2024-11-19T02:02:43.841Z] Checked if tokens are valid: true, expires at: 1731984799055
[debug] [2024-11-19T02:02:43.841Z] Checked if tokens are valid: true, expires at: 1731984799055
[debug] [2024-11-19T02:02:43.841Z] >>> [apiv2][query] GET https://serviceusage.googleapis.com/v1/projects/sammy-ae034/services/cloudfunctions.googleapis.com [none]
[debug] [2024-11-19T02:02:43.841Z] >>> [apiv2][(partial)header] GET https://serviceusage.googleapis.com/v1/projects/sammy-ae034/services/cloudfunctions.googleapis.com x-goog-quota-user=projects/sammy-ae034
[debug] [2024-11-19T02:02:43.845Z] >>> [apiv2][query] GET https://serviceusage.googleapis.com/v1/projects/sammy-ae034/services/runtimeconfig.googleapis.com [none]
[debug] [2024-11-19T02:02:43.845Z] >>> [apiv2][(partial)header] GET https://serviceusage.googleapis.com/v1/projects/sammy-ae034/services/runtimeconfig.googleapis.com x-goog-quota-user=projects/sammy-ae034
[debug] [2024-11-19T02:02:44.520Z] <<< [apiv2][status] GET https://serviceusage.googleapis.com/v1/projects/sammy-ae034/services/runtimeconfig.googleapis.com 200
[debug] [2024-11-19T02:02:44.520Z] <<< [apiv2][body] GET https://serviceusage.googleapis.com/v1/projects/sammy-ae034/services/runtimeconfig.googleapis.com [omitted]
[debug] [2024-11-19T02:02:44.578Z] <<< [apiv2][status] GET https://serviceusage.googleapis.com/v1/projects/sammy-ae034/services/cloudfunctions.googleapis.com 200
[debug] [2024-11-19T02:02:44.578Z] <<< [apiv2][body] GET https://serviceusage.googleapis.com/v1/projects/sammy-ae034/services/cloudfunctions.googleapis.com [omitted]
[debug] [2024-11-19T02:02:44.578Z] Checked if tokens are valid: true, expires at: 1731984799055
[debug] [2024-11-19T02:02:44.579Z] Checked if tokens are valid: true, expires at: 1731984799055
[debug] [2024-11-19T02:02:44.579Z] >>> [apiv2][query] POST https://serviceusage.googleapis.com/v1/projects/sammy-ae034/services/cloudfunctions.googleapis.com:enable [none]
[debug] [2024-11-19T02:02:44.579Z] >>> [apiv2][(partial)header] POST https://serviceusage.googleapis.com/v1/projects/sammy-ae034/services/cloudfunctions.googleapis.com:enable x-goog-quota-user=projects/sammy-ae034
[debug] [2024-11-19T02:02:45.270Z] <<< [apiv2][status] POST https://serviceusage.googleapis.com/v1/projects/sammy-ae034/services/cloudfunctions.googleapis.com:enable 200
[debug] [2024-11-19T02:02:45.271Z] <<< [apiv2][body] POST https://serviceusage.googleapis.com/v1/projects/sammy-ae034/services/cloudfunctions.googleapis.com:enable [omitted]
[debug] [2024-11-19T02:02:55.276Z] Checked if tokens are valid: true, expires at: 1731984799055
[debug] [2024-11-19T02:02:55.276Z] Checked if tokens are valid: true, expires at: 1731984799055
[debug] [2024-11-19T02:02:55.276Z] >>> [apiv2][query] GET https://serviceusage.googleapis.com/v1/projects/sammy-ae034/services/cloudfunctions.googleapis.com [none]
[debug] [2024-11-19T02:02:55.276Z] >>> [apiv2][(partial)header] GET https://serviceusage.googleapis.com/v1/projects/sammy-ae034/services/cloudfunctions.googleapis.com x-goog-quota-user=projects/sammy-ae034
[debug] [2024-11-19T02:02:56.026Z] <<< [apiv2][status] GET https://serviceusage.googleapis.com/v1/projects/sammy-ae034/services/cloudfunctions.googleapis.com 200
[debug] [2024-11-19T02:02:56.026Z] <<< [apiv2][body] GET https://serviceusage.googleapis.com/v1/projects/sammy-ae034/services/cloudfunctions.googleapis.com [omitted]
[info] Let's create a new codebase for your functions.
[info] A directory corresponding to the codebase will be created in your project
[info] with sample code pre-configured.

[info] See https://firebase.google.com/docs/functions/organize-functions for
[info] more information on organizing your functions using codebases.

[info] Functions can be deployed with firebase deploy.

[info] ✔  Wrote functions/package.json 
[info] ✔  Wrote functions/.eslintrc.js 
[info] ✔  Wrote functions/tsconfig.json 
[info] ✔  Wrote functions/tsconfig.dev.json 
[info] ✔  Wrote functions/src/index.ts 
[info] ✔  Wrote functions/.gitignore 
